<?xml version="1.0" encoding="UTF-8"?>
<!-- Generated by org.testng.reporters.JUnitReportReporter -->
<testsuite hostname="IN-LP-229" failures="0" tests="4" name="bankProject.bankProject.BankTest" time="0.038" errors="0" timestamp="2024-02-19T12:49:10 IST" skipped="0">
  <testcase classname="bankProject.bankProject.BankTest" name="testWithdrawSufficientFunds" time="0.001"/>
  <system-out/>
  <testcase classname="bankProject.bankProject.BankTest" name="testGetBalance" time="0.002"/>
  <system-out/>
  <testcase classname="bankProject.bankProject.BankTest" name="testWithdrawInsufficientFunds" time="0.012"/>
  <system-out/>
  <testcase classname="bankProject.bankProject.BankTest" name="testDeposit" time="0.023"/>
  <system-out/>
</testsuite> <!-- bankProject.bankProject.BankTest -->
